2019-02-21 11:01:33,629 INFO o.a.j.u.JMeterUtils: Setting Locale to en_US
2019-02-21 11:01:33,647 INFO o.a.j.JMeter: Loading user properties from: user.properties
2019-02-21 11:01:33,648 INFO o.a.j.JMeter: Loading system properties from: system.properties
2019-02-21 11:01:33,654 INFO o.a.j.JMeter: Copyright (c) 1998-2018 The Apache Software Foundation
2019-02-21 11:01:33,655 INFO o.a.j.JMeter: Version 5.0 r1840935
2019-02-21 11:01:33,655 INFO o.a.j.JMeter: java.version=1.8.0_201
2019-02-21 11:01:33,655 INFO o.a.j.JMeter: java.vm.name=Java HotSpot(TM) 64-Bit Server VM
2019-02-21 11:01:33,655 INFO o.a.j.JMeter: os.name=Windows 10
2019-02-21 11:01:33,655 INFO o.a.j.JMeter: os.arch=amd64
2019-02-21 11:01:33,655 INFO o.a.j.JMeter: os.version=10.0
2019-02-21 11:01:33,655 INFO o.a.j.JMeter: file.encoding=Cp1252
2019-02-21 11:01:33,655 INFO o.a.j.JMeter: Max memory     =3745513472
2019-02-21 11:01:33,655 INFO o.a.j.JMeter: Available Processors =4
2019-02-21 11:01:33,661 INFO o.a.j.JMeter: Default Locale=English (United States)
2019-02-21 11:01:33,661 INFO o.a.j.JMeter: JMeter  Locale=English (United States)
2019-02-21 11:01:33,662 INFO o.a.j.JMeter: JMeterHome=C:\Jenkins\tools\apache-jmeter-5.0
2019-02-21 11:01:33,662 INFO o.a.j.JMeter: user.dir  =C:\Jenkins\tools\apache-jmeter-5.0\bin
2019-02-21 11:01:33,662 INFO o.a.j.JMeter: PWD       =C:\Jenkins\tools\apache-jmeter-5.0\bin
2019-02-21 11:01:33,664 INFO o.a.j.JMeter: IP: 10.58.91.100 Name: PVGN50866055A FullName: PVGN50866055A.apj.global.corp.sap
2019-02-21 11:01:33,972 INFO o.a.j.g.a.LookAndFeelCommand: Installing Darcula LAF
2019-02-21 11:01:34,000 INFO o.a.j.g.a.LookAndFeelCommand: Using look and feel: javax.swing.plaf.nimbus.NimbusLookAndFeel [Darcula]
2019-02-21 11:01:34,000 INFO o.a.j.JMeter: Setting LAF to: javax.swing.plaf.nimbus.NimbusLookAndFeel
2019-02-21 11:01:34,061 INFO o.a.j.u.JMeterUtils: Applying HiDPI scale: 1.1
2019-02-21 11:01:34,065 INFO o.a.j.JMeter: Loaded icon properties from org/apache/jmeter/images/icon.properties
2019-02-21 11:01:34,773 INFO o.a.j.e.u.CompoundVariable: Note: Function class names must contain the string: '.functions.'
2019-02-21 11:01:34,773 INFO o.a.j.e.u.CompoundVariable: Note: Function class names must not contain the string: '.gui.'
2019-02-21 11:01:35,864 INFO k.a.j.JMeterPluginsUtils: JMeter-Plugins.org v.1.4.0
2019-02-21 11:01:35,936 WARN o.a.j.g.u.MenuFactory: Configuration error, probably corrupt or missing third party library(jar)? Could not create class: kg.apc.jmeter.config.redis.RedisDataSet.
java.lang.NoClassDefFoundError: org/apache/commons/pool/impl/GenericObjectPool$Config
	at java.lang.Class.forName0(Native Method) ~[?:1.8.0_201]
	at java.lang.Class.forName(Unknown Source) ~[?:1.8.0_201]
	at org.apache.jmeter.gui.util.MenuFactory.getGUIComponent(MenuFactory.java:167) ~[ApacheJMeter_core.jar:5.0 r1840935]
	at org.apache.jmeter.gui.util.MenuFactory.initializeMenus(MenuFactory.java:141) ~[ApacheJMeter_core.jar:5.0 r1840935]
	at org.apache.jmeter.gui.util.MenuFactory.<clinit>(MenuFactory.java:106) ~[ApacheJMeter_core.jar:5.0 r1840935]
	at org.apache.jmeter.control.gui.TestPlanGui.createPopupMenu(TestPlanGui.java:92) ~[ApacheJMeter_core.jar:5.0 r1840935]
	at org.apache.jmeter.gui.tree.JMeterTreeNode.createPopupMenu(JMeterTreeNode.java:184) ~[ApacheJMeter_core.jar:5.0 r1840935]
	at org.apache.jmeter.gui.action.EditCommand.doAction(EditCommand.java:46) ~[ApacheJMeter_core.jar:5.0 r1840935]
	at org.apache.jmeter.gui.action.ActionRouter.performAction(ActionRouter.java:88) ~[ApacheJMeter_core.jar:5.0 r1840935]
	at org.apache.jmeter.gui.action.ActionRouter.lambda$actionPerformed$0(ActionRouter.java:70) ~[ApacheJMeter_core.jar:5.0 r1840935]
	at java.awt.event.InvocationEvent.dispatch(Unknown Source) [?:1.8.0_201]
	at java.awt.EventQueue.dispatchEventImpl(Unknown Source) [?:1.8.0_201]
	at java.awt.EventQueue.access$500(Unknown Source) [?:1.8.0_201]
	at java.awt.EventQueue$3.run(Unknown Source) [?:1.8.0_201]
	at java.awt.EventQueue$3.run(Unknown Source) [?:1.8.0_201]
	at java.security.AccessController.doPrivileged(Native Method) [?:1.8.0_201]
	at java.security.ProtectionDomain$JavaSecurityAccessImpl.doIntersectionPrivilege(Unknown Source) [?:1.8.0_201]
	at java.awt.EventQueue.dispatchEvent(Unknown Source) [?:1.8.0_201]
	at java.awt.EventDispatchThread.pumpOneEventForFilters(Unknown Source) [?:1.8.0_201]
	at java.awt.EventDispatchThread.pumpEventsForFilter(Unknown Source) [?:1.8.0_201]
	at java.awt.EventDispatchThread.pumpEventsForHierarchy(Unknown Source) [?:1.8.0_201]
	at java.awt.EventDispatchThread.pumpEvents(Unknown Source) [?:1.8.0_201]
	at java.awt.EventDispatchThread.pumpEvents(Unknown Source) [?:1.8.0_201]
	at java.awt.EventDispatchThread.run(Unknown Source) [?:1.8.0_201]
Caused by: java.lang.ClassNotFoundException: org.apache.commons.pool.impl.GenericObjectPool$Config
	at java.net.URLClassLoader.findClass(Unknown Source) ~[?:1.8.0_201]
	at java.lang.ClassLoader.loadClass(Unknown Source) ~[?:1.8.0_201]
	at java.lang.ClassLoader.loadClass(Unknown Source) ~[?:1.8.0_201]
	... 24 more
2019-02-21 11:01:36,247 WARN o.a.j.g.u.MenuFactory: Configuration error, probably corrupt or missing third party library(jar)? Could not create class: kg.apc.jmeter.vizualizers.MergeResultsGui.
java.lang.NoClassDefFoundError: org/jmeterplugins/save/MergeResultsService
	at java.lang.Class.getDeclaredMethods0(Native Method) ~[?:1.8.0_201]
	at java.lang.Class.privateGetDeclaredMethods(Unknown Source) ~[?:1.8.0_201]
	at java.lang.Class.getDeclaredMethod(Unknown Source) ~[?:1.8.0_201]
	at java.awt.Component.isCoalesceEventsOverriden(Unknown Source) ~[?:1.8.0_201]
	at java.awt.Component.access$500(Unknown Source) ~[?:1.8.0_201]
	at java.awt.Component$3.run(Unknown Source) ~[?:1.8.0_201]
	at java.awt.Component$3.run(Unknown Source) ~[?:1.8.0_201]
	at java.security.AccessController.doPrivileged(Native Method) ~[?:1.8.0_201]
	at java.awt.Component.checkCoalescing(Unknown Source) ~[?:1.8.0_201]
	at java.awt.Component.<init>(Unknown Source) ~[?:1.8.0_201]
	at java.awt.Container.<init>(Unknown Source) ~[?:1.8.0_201]
	at javax.swing.JComponent.<init>(Unknown Source) ~[?:1.8.0_201]
	at javax.swing.JPanel.<init>(Unknown Source) ~[?:1.8.0_201]
	at javax.swing.JPanel.<init>(Unknown Source) ~[?:1.8.0_201]
	at javax.swing.JPanel.<init>(Unknown Source) ~[?:1.8.0_201]
	at org.apache.jmeter.gui.AbstractJMeterGuiComponent.<init>(AbstractJMeterGuiComponent.java:77) ~[ApacheJMeter_core.jar:5.0 r1840935]
	at org.apache.jmeter.visualizers.gui.AbstractListenerGui.<init>(AbstractListenerGui.java:32) ~[ApacheJMeter_core.jar:5.0 r1840935]
	at org.apache.jmeter.visualizers.gui.AbstractVisualizer.<init>(AbstractVisualizer.java:127) ~[ApacheJMeter_core.jar:5.0 r1840935]
	at kg.apc.jmeter.graphs.AbstractGraphPanelVisualizer.<init>(AbstractGraphPanelVisualizer.java:104) ~[JMeterPlugins-Extras.jar:?]
	at kg.apc.jmeter.vizualizers.MergeResultsGui.<init>(MergeResultsGui.java:141) ~[JMeterPlugins-Extras.jar:?]
	at sun.reflect.NativeConstructorAccessorImpl.newInstance0(Native Method) ~[?:1.8.0_201]
	at sun.reflect.NativeConstructorAccessorImpl.newInstance(Unknown Source) ~[?:1.8.0_201]
	at sun.reflect.DelegatingConstructorAccessorImpl.newInstance(Unknown Source) ~[?:1.8.0_201]
	at java.lang.reflect.Constructor.newInstance(Unknown Source) ~[?:1.8.0_201]
	at java.lang.Class.newInstance(Unknown Source) ~[?:1.8.0_201]
	at org.apache.jmeter.gui.util.MenuFactory.getGUIComponent(MenuFactory.java:174) ~[ApacheJMeter_core.jar:5.0 r1840935]
	at org.apache.jmeter.gui.util.MenuFactory.initializeMenus(MenuFactory.java:141) ~[ApacheJMeter_core.jar:5.0 r1840935]
	at org.apache.jmeter.gui.util.MenuFactory.<clinit>(MenuFactory.java:106) ~[ApacheJMeter_core.jar:5.0 r1840935]
	at org.apache.jmeter.control.gui.TestPlanGui.createPopupMenu(TestPlanGui.java:92) ~[ApacheJMeter_core.jar:5.0 r1840935]
	at org.apache.jmeter.gui.tree.JMeterTreeNode.createPopupMenu(JMeterTreeNode.java:184) ~[ApacheJMeter_core.jar:5.0 r1840935]
	at org.apache.jmeter.gui.action.EditCommand.doAction(EditCommand.java:46) ~[ApacheJMeter_core.jar:5.0 r1840935]
	at org.apache.jmeter.gui.action.ActionRouter.performAction(ActionRouter.java:88) ~[ApacheJMeter_core.jar:5.0 r1840935]
	at org.apache.jmeter.gui.action.ActionRouter.lambda$actionPerformed$0(ActionRouter.java:70) ~[ApacheJMeter_core.jar:5.0 r1840935]
	at java.awt.event.InvocationEvent.dispatch(Unknown Source) [?:1.8.0_201]
	at java.awt.EventQueue.dispatchEventImpl(Unknown Source) [?:1.8.0_201]
	at java.awt.EventQueue.access$500(Unknown Source) [?:1.8.0_201]
	at java.awt.EventQueue$3.run(Unknown Source) [?:1.8.0_201]
	at java.awt.EventQueue$3.run(Unknown Source) [?:1.8.0_201]
	at java.security.AccessController.doPrivileged(Native Method) [?:1.8.0_201]
	at java.security.ProtectionDomain$JavaSecurityAccessImpl.doIntersectionPrivilege(Unknown Source) [?:1.8.0_201]
	at java.awt.EventQueue.dispatchEvent(Unknown Source) [?:1.8.0_201]
	at java.awt.EventDispatchThread.pumpOneEventForFilters(Unknown Source) [?:1.8.0_201]
	at java.awt.EventDispatchThread.pumpEventsForFilter(Unknown Source) [?:1.8.0_201]
	at java.awt.EventDispatchThread.pumpEventsForHierarchy(Unknown Source) [?:1.8.0_201]
	at java.awt.EventDispatchThread.pumpEvents(Unknown Source) [?:1.8.0_201]
	at java.awt.EventDispatchThread.pumpEvents(Unknown Source) [?:1.8.0_201]
	at java.awt.EventDispatchThread.run(Unknown Source) [?:1.8.0_201]
Caused by: java.lang.ClassNotFoundException: org.jmeterplugins.save.MergeResultsService
	at java.net.URLClassLoader.findClass(Unknown Source) ~[?:1.8.0_201]
	at java.lang.ClassLoader.loadClass(Unknown Source) ~[?:1.8.0_201]
	at java.lang.ClassLoader.loadClass(Unknown Source) ~[?:1.8.0_201]
	... 47 more
2019-02-21 11:01:36,874 INFO o.a.j.p.h.s.HTTPSamplerBase: Parser for text/html is org.apache.jmeter.protocol.http.parser.LagartoBasedHtmlParser
2019-02-21 11:01:36,874 INFO o.a.j.p.h.s.HTTPSamplerBase: Parser for application/xhtml+xml is org.apache.jmeter.protocol.http.parser.LagartoBasedHtmlParser
2019-02-21 11:01:36,874 INFO o.a.j.p.h.s.HTTPSamplerBase: Parser for application/xml is org.apache.jmeter.protocol.http.parser.LagartoBasedHtmlParser
2019-02-21 11:01:36,874 INFO o.a.j.p.h.s.HTTPSamplerBase: Parser for text/xml is org.apache.jmeter.protocol.http.parser.LagartoBasedHtmlParser
2019-02-21 11:01:36,874 INFO o.a.j.p.h.s.HTTPSamplerBase: Parser for text/vnd.wap.wml is org.apache.jmeter.protocol.http.parser.RegexpHTMLParser
2019-02-21 11:01:36,874 INFO o.a.j.p.h.s.HTTPSamplerBase: Parser for text/css is org.apache.jmeter.protocol.http.parser.CssParser
2019-02-21 11:01:37,481 INFO o.a.j.e.KeyToolUtils: keytool found at 'keytool'
2019-02-21 11:01:37,482 INFO o.a.j.p.h.p.ProxyControl: HTTP(S) Test Script Recorder SSL Proxy will use keys that support embedded 3rd party resources in file C:\Jenkins\tools\apache-jmeter-5.0\bin\proxyserver.jks
2019-02-21 11:01:37,666 INFO o.a.j.s.FileServer: Default base='C:\Jenkins\tools\apache-jmeter-5.0\bin'
2019-02-21 11:01:38,296 INFO o.a.j.s.SampleResult: Note: Sample TimeStamps are START times
2019-02-21 11:01:38,296 INFO o.a.j.s.SampleResult: sampleresult.default.encoding is set to ISO-8859-1
2019-02-21 11:01:38,296 INFO o.a.j.s.SampleResult: sampleresult.useNanoTime=true
2019-02-21 11:01:38,296 INFO o.a.j.s.SampleResult: sampleresult.nanoThreadSleep=5000
2019-02-21 11:01:55,889 INFO o.a.j.g.a.Load: Loading file: C:\Users\I326430\Desktop\All.jmx
2019-02-21 11:01:55,889 INFO o.a.j.s.FileServer: Set new base='C:\Users\I326430\Desktop'
2019-02-21 11:01:56,032 INFO o.a.j.s.SaveService: Testplan (JMX) version: 2.2. Testlog (JTL) version: 2.2
2019-02-21 11:01:56,055 INFO o.a.j.s.SaveService: Using SaveService properties file encoding UTF-8
2019-02-21 11:01:56,057 INFO o.a.j.s.SaveService: Using SaveService properties version 5.0
2019-02-21 11:01:56,061 INFO o.a.j.s.SaveService: Loading file: C:\Users\I326430\Desktop\All.jmx
2019-02-21 11:02:07,516 INFO o.a.j.s.FileServer: Set new base='C:\Users\I326430\Desktop'
2019-02-21 11:29:12,216 INFO o.a.j.e.StandardJMeterEngine: Running the test!
2019-02-21 11:29:12,216 INFO o.a.j.s.SampleEvent: List of sample_variables: []
2019-02-21 11:29:12,217 INFO o.a.j.s.SampleEvent: List of sample_variables: []
2019-02-21 11:29:12,235 INFO o.a.j.g.u.JMeterMenuBar: setRunning(true, *local*)
2019-02-21 11:29:12,973 INFO o.a.j.e.StandardJMeterEngine: Starting ThreadGroup: 1 : DAILY
2019-02-21 11:29:12,973 INFO o.a.j.e.StandardJMeterEngine: Starting 1 threads for group DAILY.
2019-02-21 11:29:12,973 INFO o.a.j.e.StandardJMeterEngine: Thread will continue on error
2019-02-21 11:29:12,974 INFO o.a.j.t.ThreadGroup: Starting thread group... number=1 threads=1 ramp-up=1 perThread=1000.0 delayedStart=false
2019-02-21 11:29:12,987 INFO o.a.j.t.ThreadGroup: Started thread group number 1
2019-02-21 11:29:12,987 INFO o.a.j.e.StandardJMeterEngine: All thread groups have been started
2019-02-21 11:29:12,990 INFO o.a.j.t.JMeterThread: Thread started: DAILY 1-1
2019-02-21 11:29:13,093 INFO o.a.j.p.h.s.HTTPHCAbstractImpl: Local host = PVGN50866055A
2019-02-21 11:29:13,102 INFO o.a.j.p.h.s.HTTPHC4Impl: HTTP request retry count = 0
2019-02-21 11:29:13,914 INFO o.a.j.p.h.s.h.LazyLayeredConnectionSocketFactory: Setting up HTTPS TrustAll Socket Factory
2019-02-21 11:29:13,921 INFO o.a.j.u.JsseSSLManager: Using default SSL protocol: TLS
2019-02-21 11:29:13,921 INFO o.a.j.u.JsseSSLManager: SSL session context: per-thread
2019-02-21 11:29:14,233 INFO o.a.j.u.SSLManager: JmeterKeyStore Location:  type JKS
2019-02-21 11:29:14,233 INFO o.a.j.u.SSLManager: KeyStore created OK
2019-02-21 11:29:14,233 WARN o.a.j.u.SSLManager: Keystore file not found, loading empty keystore
2019-02-21 11:31:49,085 INFO o.a.j.g.a.Start: Stopping test
2019-02-21 11:31:49,092 INFO o.a.j.t.JMeterThread: Stopping: DAILY 1-1
2019-02-21 11:31:49,092 WARN o.a.j.t.JMeterThread: Interrupting: DAILY 1-1 sampler: Public Refresh
2019-02-21 11:31:49,101 INFO o.a.j.t.JMeterThread: Thread finished: DAILY 1-1
2019-02-21 11:31:49,103 INFO o.a.j.e.StandardJMeterEngine: Notifying test listeners of end of test
2019-02-21 11:31:49,104 INFO o.a.j.g.u.JMeterMenuBar: setRunning(false, *local*)
2019-02-21 11:32:48,287 INFO o.a.j.e.StandardJMeterEngine: Running the test!
2019-02-21 11:32:48,287 INFO o.a.j.s.SampleEvent: List of sample_variables: []
2019-02-21 11:32:48,291 INFO o.a.j.g.u.JMeterMenuBar: setRunning(true, *local*)
2019-02-21 11:32:49,993 INFO o.a.j.e.StandardJMeterEngine: Starting ThreadGroup: 1 : DAILY
2019-02-21 11:32:49,993 INFO o.a.j.e.StandardJMeterEngine: Starting 1 threads for group DAILY.
2019-02-21 11:32:49,993 INFO o.a.j.e.StandardJMeterEngine: Thread will continue on error
2019-02-21 11:32:49,993 INFO o.a.j.t.ThreadGroup: Starting thread group... number=1 threads=1 ramp-up=1 perThread=1000.0 delayedStart=false
2019-02-21 11:32:50,000 INFO o.a.j.t.ThreadGroup: Started thread group number 1
2019-02-21 11:32:50,000 INFO o.a.j.e.StandardJMeterEngine: All thread groups have been started
2019-02-21 11:32:50,001 INFO o.a.j.t.JMeterThread: Thread started: DAILY 1-1
2019-02-21 11:33:10,042 INFO o.a.j.t.JMeterThread: Thread is done: DAILY 1-1
2019-02-21 11:33:10,042 INFO o.a.j.t.JMeterThread: Thread finished: DAILY 1-1
2019-02-21 11:33:10,043 INFO o.a.j.e.StandardJMeterEngine: Notifying test listeners of end of test
2019-02-21 11:33:10,043 INFO o.a.j.g.u.JMeterMenuBar: setRunning(false, *local*)
2019-02-21 11:33:35,360 INFO o.a.j.e.StandardJMeterEngine: Running the test!
2019-02-21 11:33:35,360 INFO o.a.j.s.SampleEvent: List of sample_variables: []
2019-02-21 11:33:35,363 INFO o.a.j.g.u.JMeterMenuBar: setRunning(true, *local*)
2019-02-21 11:33:35,678 INFO o.a.j.e.StandardJMeterEngine: Starting ThreadGroup: 1 : DAILY
2019-02-21 11:33:35,679 INFO o.a.j.e.StandardJMeterEngine: Starting 1 threads for group DAILY.
2019-02-21 11:33:35,679 INFO o.a.j.e.StandardJMeterEngine: Thread will continue on error
2019-02-21 11:33:35,679 INFO o.a.j.t.ThreadGroup: Starting thread group... number=1 threads=1 ramp-up=1 perThread=1000.0 delayedStart=false
2019-02-21 11:33:35,685 INFO o.a.j.t.ThreadGroup: Started thread group number 1
2019-02-21 11:33:35,685 INFO o.a.j.e.StandardJMeterEngine: All thread groups have been started
2019-02-21 11:33:35,685 INFO o.a.j.t.JMeterThread: Thread started: DAILY 1-1
2019-02-21 11:33:51,304 INFO o.a.j.t.JMeterThread: Thread is done: DAILY 1-1
2019-02-21 11:33:51,304 INFO o.a.j.t.JMeterThread: Thread finished: DAILY 1-1
2019-02-21 11:33:51,305 INFO o.a.j.e.StandardJMeterEngine: Notifying test listeners of end of test
2019-02-21 11:33:51,306 INFO o.a.j.g.u.JMeterMenuBar: setRunning(false, *local*)
2019-02-21 11:34:45,029 INFO o.a.j.e.StandardJMeterEngine: Running the test!
2019-02-21 11:34:45,029 INFO o.a.j.s.SampleEvent: List of sample_variables: []
2019-02-21 11:34:45,031 INFO o.a.j.g.u.JMeterMenuBar: setRunning(true, *local*)
2019-02-21 11:34:45,728 INFO o.a.j.e.StandardJMeterEngine: Starting ThreadGroup: 1 : DAILY
2019-02-21 11:34:45,728 INFO o.a.j.e.StandardJMeterEngine: Starting 1 threads for group DAILY.
2019-02-21 11:34:45,728 INFO o.a.j.e.StandardJMeterEngine: Thread will continue on error
2019-02-21 11:34:45,728 INFO o.a.j.t.ThreadGroup: Starting thread group... number=1 threads=1 ramp-up=1 perThread=1000.0 delayedStart=false
2019-02-21 11:34:45,731 INFO o.a.j.t.ThreadGroup: Started thread group number 1
2019-02-21 11:34:45,732 INFO o.a.j.e.StandardJMeterEngine: All thread groups have been started
2019-02-21 11:34:45,732 INFO o.a.j.t.JMeterThread: Thread started: DAILY 1-1
2019-02-21 11:34:47,888 INFO o.a.j.t.JMeterThread: Thread is done: DAILY 1-1
2019-02-21 11:34:47,888 INFO o.a.j.t.JMeterThread: Thread finished: DAILY 1-1
2019-02-21 11:34:47,888 INFO o.a.j.e.StandardJMeterEngine: Notifying test listeners of end of test
2019-02-21 11:34:47,889 INFO o.a.j.g.u.JMeterMenuBar: setRunning(false, *local*)
2019-02-21 11:35:06,648 INFO o.a.j.e.StandardJMeterEngine: Running the test!
2019-02-21 11:35:06,648 INFO o.a.j.s.SampleEvent: List of sample_variables: []
2019-02-21 11:35:06,650 INFO o.a.j.g.u.JMeterMenuBar: setRunning(true, *local*)
2019-02-21 11:35:07,094 INFO o.a.j.e.StandardJMeterEngine: Starting ThreadGroup: 1 : DAILY
2019-02-21 11:35:07,094 INFO o.a.j.e.StandardJMeterEngine: Starting 1 threads for group DAILY.
2019-02-21 11:35:07,094 INFO o.a.j.e.StandardJMeterEngine: Thread will continue on error
2019-02-21 11:35:07,094 INFO o.a.j.t.ThreadGroup: Starting thread group... number=1 threads=1 ramp-up=1 perThread=1000.0 delayedStart=false
2019-02-21 11:35:07,098 INFO o.a.j.t.ThreadGroup: Started thread group number 1
2019-02-21 11:35:07,098 INFO o.a.j.e.StandardJMeterEngine: All thread groups have been started
2019-02-21 11:35:07,099 INFO o.a.j.t.JMeterThread: Thread started: DAILY 1-1
2019-02-21 11:35:09,066 INFO o.a.j.t.JMeterThread: Thread is done: DAILY 1-1
2019-02-21 11:35:09,066 INFO o.a.j.t.JMeterThread: Thread finished: DAILY 1-1
2019-02-21 11:35:09,066 INFO o.a.j.e.StandardJMeterEngine: Notifying test listeners of end of test
2019-02-21 11:35:09,067 INFO o.a.j.g.u.JMeterMenuBar: setRunning(false, *local*)
2019-02-21 11:35:10,645 INFO o.a.j.e.StandardJMeterEngine: Running the test!
2019-02-21 11:35:10,646 INFO o.a.j.s.SampleEvent: List of sample_variables: []
2019-02-21 11:35:10,647 INFO o.a.j.g.u.JMeterMenuBar: setRunning(true, *local*)
2019-02-21 11:35:11,071 INFO o.a.j.e.StandardJMeterEngine: Starting ThreadGroup: 1 : DAILY
2019-02-21 11:35:11,071 INFO o.a.j.e.StandardJMeterEngine: Starting 1 threads for group DAILY.
2019-02-21 11:35:11,071 INFO o.a.j.e.StandardJMeterEngine: Thread will continue on error
2019-02-21 11:35:11,071 INFO o.a.j.t.ThreadGroup: Starting thread group... number=1 threads=1 ramp-up=1 perThread=1000.0 delayedStart=false
2019-02-21 11:35:11,075 INFO o.a.j.t.ThreadGroup: Started thread group number 1
2019-02-21 11:35:11,075 INFO o.a.j.e.StandardJMeterEngine: All thread groups have been started
2019-02-21 11:35:11,076 INFO o.a.j.t.JMeterThread: Thread started: DAILY 1-1
2019-02-21 11:35:16,635 INFO o.a.j.t.JMeterThread: Thread is done: DAILY 1-1
2019-02-21 11:35:16,635 INFO o.a.j.t.JMeterThread: Thread finished: DAILY 1-1
2019-02-21 11:35:16,635 INFO o.a.j.e.StandardJMeterEngine: Notifying test listeners of end of test
2019-02-21 11:35:16,636 INFO o.a.j.g.u.JMeterMenuBar: setRunning(false, *local*)
2019-02-21 11:35:42,827 INFO o.a.j.e.StandardJMeterEngine: Running the test!
2019-02-21 11:35:42,827 INFO o.a.j.s.SampleEvent: List of sample_variables: []
2019-02-21 11:35:42,829 INFO o.a.j.g.u.JMeterMenuBar: setRunning(true, *local*)
2019-02-21 11:35:43,102 INFO o.a.j.e.StandardJMeterEngine: Starting ThreadGroup: 1 : DAILY
2019-02-21 11:35:43,102 INFO o.a.j.e.StandardJMeterEngine: Starting 1 threads for group DAILY.
2019-02-21 11:35:43,102 INFO o.a.j.e.StandardJMeterEngine: Thread will continue on error
2019-02-21 11:35:43,102 INFO o.a.j.t.ThreadGroup: Starting thread group... number=1 threads=1 ramp-up=1 perThread=1000.0 delayedStart=false
2019-02-21 11:35:43,107 INFO o.a.j.t.ThreadGroup: Started thread group number 1
2019-02-21 11:35:43,107 INFO o.a.j.e.StandardJMeterEngine: All thread groups have been started
2019-02-21 11:35:43,107 INFO o.a.j.t.JMeterThread: Thread started: DAILY 1-1
2019-02-21 11:35:48,474 INFO o.a.j.t.JMeterThread: Thread is done: DAILY 1-1
2019-02-21 11:35:48,475 INFO o.a.j.t.JMeterThread: Thread finished: DAILY 1-1
2019-02-21 11:35:48,475 INFO o.a.j.e.StandardJMeterEngine: Notifying test listeners of end of test
2019-02-21 11:35:48,475 INFO o.a.j.g.u.JMeterMenuBar: setRunning(false, *local*)
2019-02-21 11:35:51,679 WARN o.a.j.u.JMeterUtils: ERROR! Resource string not found: [label]
2019-02-21 11:35:51,682 WARN o.a.j.u.JMeterUtils: ERROR! Resource string not found: [label]
2019-02-21 11:35:51,683 WARN o.a.j.u.JMeterUtils: ERROR! Resource string not found: [label]
2019-02-21 11:35:51,683 WARN o.a.j.u.JMeterUtils: ERROR! Resource string not found: [label]
2019-02-21 11:35:51,684 WARN o.a.j.u.JMeterUtils: ERROR! Resource string not found: [label]
2019-02-21 11:35:51,688 WARN o.a.j.u.JMeterUtils: ERROR! Resource string not found: [label]
2019-02-21 11:35:51,688 WARN o.a.j.u.JMeterUtils: ERROR! Resource string not found: [#_samples]
2019-02-21 11:35:51,688 WARN o.a.j.u.JMeterUtils: ERROR! Resource string not found: [median]
2019-02-21 11:35:51,689 WARN o.a.j.u.JMeterUtils: ERROR! Resource string not found: [90%_line]
2019-02-21 11:35:51,690 WARN o.a.j.u.JMeterUtils: ERROR! Resource string not found: [95%_line]
2019-02-21 11:35:51,690 WARN o.a.j.u.JMeterUtils: ERROR! Resource string not found: [99%_line]
2019-02-21 11:35:51,690 WARN o.a.j.u.JMeterUtils: ERROR! Resource string not found: [min]
2019-02-21 11:35:51,691 WARN o.a.j.u.JMeterUtils: ERROR! Resource string not found: [error_%]
2019-02-21 11:35:51,691 WARN o.a.j.u.JMeterUtils: ERROR! Resource string not found: [throughput]
2019-02-21 11:35:51,691 WARN o.a.j.u.JMeterUtils: ERROR! Resource string not found: [received_kb/sec]
2019-02-21 11:35:51,691 WARN o.a.j.u.JMeterUtils: ERROR! Resource string not found: [sent_kb/sec]
2019-02-21 11:35:51,709 WARN o.a.j.u.JMeterUtils: ERROR! Resource string not found: [label]
2019-02-21 11:35:51,709 WARN o.a.j.u.JMeterUtils: ERROR! Resource string not found: [label]
2019-02-21 11:35:51,766 WARN o.a.j.u.JMeterUtils: ERROR! Resource string not found: [label]
2019-02-21 11:35:51,767 WARN o.a.j.u.JMeterUtils: ERROR! Resource string not found: [#_samples]
2019-02-21 11:35:51,767 WARN o.a.j.u.JMeterUtils: ERROR! Resource string not found: [median]
2019-02-21 11:35:51,767 WARN o.a.j.u.JMeterUtils: ERROR! Resource string not found: [90%_line]
2019-02-21 11:35:51,767 WARN o.a.j.u.JMeterUtils: ERROR! Resource string not found: [95%_line]
2019-02-21 11:35:51,767 WARN o.a.j.u.JMeterUtils: ERROR! Resource string not found: [99%_line]
2019-02-21 11:35:51,767 WARN o.a.j.u.JMeterUtils: ERROR! Resource string not found: [min]
2019-02-21 11:35:51,767 WARN o.a.j.u.JMeterUtils: ERROR! Resource string not found: [error_%]
2019-02-21 11:35:51,768 WARN o.a.j.u.JMeterUtils: ERROR! Resource string not found: [throughput]
2019-02-21 11:35:51,768 WARN o.a.j.u.JMeterUtils: ERROR! Resource string not found: [received_kb/sec]
2019-02-21 11:35:51,768 WARN o.a.j.u.JMeterUtils: ERROR! Resource string not found: [sent_kb/sec]
2019-02-21 11:37:28,616 INFO o.a.j.e.StandardJMeterEngine: Running the test!
2019-02-21 11:37:28,617 INFO o.a.j.s.SampleEvent: List of sample_variables: []
2019-02-21 11:37:28,619 INFO o.a.j.g.u.JMeterMenuBar: setRunning(true, *local*)
2019-02-21 11:37:29,167 INFO o.a.j.e.StandardJMeterEngine: Starting ThreadGroup: 1 : DAILY
2019-02-21 11:37:29,168 INFO o.a.j.e.StandardJMeterEngine: Starting 1 threads for group DAILY.
2019-02-21 11:37:29,168 INFO o.a.j.e.StandardJMeterEngine: Thread will continue on error
2019-02-21 11:37:29,168 INFO o.a.j.t.ThreadGroup: Starting thread group... number=1 threads=1 ramp-up=1 perThread=1000.0 delayedStart=false
2019-02-21 11:37:29,174 INFO o.a.j.t.ThreadGroup: Started thread group number 1
2019-02-21 11:37:29,174 INFO o.a.j.e.StandardJMeterEngine: All thread groups have been started
2019-02-21 11:37:29,174 INFO o.a.j.t.JMeterThread: Thread started: DAILY 1-1
2019-02-21 11:37:30,848 INFO o.a.j.t.JMeterThread: Thread is done: DAILY 1-1
2019-02-21 11:37:30,848 INFO o.a.j.t.JMeterThread: Thread finished: DAILY 1-1
2019-02-21 11:37:30,849 INFO o.a.j.e.StandardJMeterEngine: Notifying test listeners of end of test
2019-02-21 11:37:30,849 INFO o.a.j.g.u.JMeterMenuBar: setRunning(false, *local*)
2019-02-21 11:38:33,226 INFO o.a.j.e.StandardJMeterEngine: Running the test!
2019-02-21 11:38:33,226 INFO o.a.j.s.SampleEvent: List of sample_variables: []
2019-02-21 11:38:33,228 INFO o.a.j.g.u.JMeterMenuBar: setRunning(true, *local*)
2019-02-21 11:38:33,646 INFO o.a.j.e.StandardJMeterEngine: Starting ThreadGroup: 1 : DAILY
2019-02-21 11:38:33,647 INFO o.a.j.e.StandardJMeterEngine: Starting 1 threads for group DAILY.
2019-02-21 11:38:33,647 INFO o.a.j.e.StandardJMeterEngine: Thread will continue on error
2019-02-21 11:38:33,647 INFO o.a.j.t.ThreadGroup: Starting thread group... number=1 threads=1 ramp-up=1 perThread=1000.0 delayedStart=false
2019-02-21 11:38:33,652 INFO o.a.j.t.ThreadGroup: Started thread group number 1
2019-02-21 11:38:33,653 INFO o.a.j.e.StandardJMeterEngine: All thread groups have been started
2019-02-21 11:38:33,653 INFO o.a.j.t.JMeterThread: Thread started: DAILY 1-1
2019-02-21 11:38:35,502 INFO o.a.j.t.JMeterThread: Thread is done: DAILY 1-1
2019-02-21 11:38:35,503 INFO o.a.j.t.JMeterThread: Thread finished: DAILY 1-1
2019-02-21 11:38:35,503 INFO o.a.j.e.StandardJMeterEngine: Notifying test listeners of end of test
2019-02-21 11:38:35,503 INFO o.a.j.g.u.JMeterMenuBar: setRunning(false, *local*)
2019-02-21 11:38:41,636 INFO o.a.j.e.StandardJMeterEngine: Running the test!
2019-02-21 11:38:41,636 INFO o.a.j.s.SampleEvent: List of sample_variables: []
2019-02-21 11:38:41,638 INFO o.a.j.g.u.JMeterMenuBar: setRunning(true, *local*)
2019-02-21 11:38:41,657 INFO o.a.j.e.StandardJMeterEngine: Starting ThreadGroup: 1 : DAILY
2019-02-21 11:38:41,657 INFO o.a.j.e.StandardJMeterEngine: Starting 1 threads for group DAILY.
2019-02-21 11:38:41,657 INFO o.a.j.e.StandardJMeterEngine: Thread will continue on error
2019-02-21 11:38:41,657 INFO o.a.j.t.ThreadGroup: Starting thread group... number=1 threads=1 ramp-up=1 perThread=1000.0 delayedStart=false
2019-02-21 11:38:41,662 INFO o.a.j.t.ThreadGroup: Started thread group number 1
2019-02-21 11:38:41,662 INFO o.a.j.e.StandardJMeterEngine: All thread groups have been started
2019-02-21 11:38:41,663 INFO o.a.j.t.JMeterThread: Thread started: DAILY 1-1
2019-02-21 11:38:43,524 INFO o.a.j.t.JMeterThread: Thread is done: DAILY 1-1
2019-02-21 11:38:43,525 INFO o.a.j.t.JMeterThread: Thread finished: DAILY 1-1
2019-02-21 11:38:43,525 INFO o.a.j.e.StandardJMeterEngine: Notifying test listeners of end of test
2019-02-21 11:38:43,525 INFO o.a.j.g.u.JMeterMenuBar: setRunning(false, *local*)
2019-02-21 12:14:43,081 INFO o.a.j.e.StandardJMeterEngine: Running the test!
2019-02-21 12:14:43,082 INFO o.a.j.s.SampleEvent: List of sample_variables: []
2019-02-21 12:14:43,083 INFO o.a.j.g.u.JMeterMenuBar: setRunning(true, *local*)
2019-02-21 12:14:43,685 INFO o.a.j.e.StandardJMeterEngine: Starting ThreadGroup: 1 : DAILY
2019-02-21 12:14:43,686 INFO o.a.j.e.StandardJMeterEngine: Starting 1 threads for group DAILY.
2019-02-21 12:14:43,686 INFO o.a.j.e.StandardJMeterEngine: Thread will continue on error
2019-02-21 12:14:43,686 INFO o.a.j.t.ThreadGroup: Starting thread group... number=1 threads=1 ramp-up=1 perThread=1000.0 delayedStart=false
2019-02-21 12:14:43,692 INFO o.a.j.t.ThreadGroup: Started thread group number 1
2019-02-21 12:14:43,692 INFO o.a.j.e.StandardJMeterEngine: All thread groups have been started
2019-02-21 12:14:43,693 INFO o.a.j.t.JMeterThread: Thread started: DAILY 1-1
2019-02-21 12:14:47,654 INFO o.a.j.t.JMeterThread: Thread is done: DAILY 1-1
2019-02-21 12:14:47,654 INFO o.a.j.t.JMeterThread: Thread finished: DAILY 1-1
2019-02-21 12:14:47,654 INFO o.a.j.e.StandardJMeterEngine: Notifying test listeners of end of test
2019-02-21 12:14:47,654 INFO o.a.j.g.u.JMeterMenuBar: setRunning(false, *local*)
2019-02-21 12:16:05,667 INFO o.a.j.e.StandardJMeterEngine: Running the test!
2019-02-21 12:16:05,667 INFO o.a.j.s.SampleEvent: List of sample_variables: []
2019-02-21 12:16:05,669 INFO o.a.j.g.u.JMeterMenuBar: setRunning(true, *local*)
2019-02-21 12:16:06,546 INFO o.a.j.e.StandardJMeterEngine: Starting ThreadGroup: 1 : DAILY
2019-02-21 12:16:06,546 INFO o.a.j.e.StandardJMeterEngine: Starting 1 threads for group DAILY.
2019-02-21 12:16:06,546 INFO o.a.j.e.StandardJMeterEngine: Thread will continue on error
2019-02-21 12:16:06,547 INFO o.a.j.t.ThreadGroup: Starting thread group... number=1 threads=1 ramp-up=1 perThread=1000.0 delayedStart=false
2019-02-21 12:16:06,553 INFO o.a.j.t.ThreadGroup: Started thread group number 1
2019-02-21 12:16:06,553 INFO o.a.j.e.StandardJMeterEngine: All thread groups have been started
2019-02-21 12:16:06,562 INFO o.a.j.t.JMeterThread: Thread started: DAILY 1-1
2019-02-21 12:16:08,991 INFO o.a.j.t.JMeterThread: Thread is done: DAILY 1-1
2019-02-21 12:16:08,991 INFO o.a.j.t.JMeterThread: Thread finished: DAILY 1-1
2019-02-21 12:16:08,992 INFO o.a.j.e.StandardJMeterEngine: Notifying test listeners of end of test
2019-02-21 12:16:08,992 INFO o.a.j.g.u.JMeterMenuBar: setRunning(false, *local*)
2019-02-21 12:16:27,910 INFO o.a.j.e.StandardJMeterEngine: Running the test!
2019-02-21 12:16:27,911 INFO o.a.j.s.SampleEvent: List of sample_variables: []
2019-02-21 12:16:27,912 INFO o.a.j.g.u.JMeterMenuBar: setRunning(true, *local*)
2019-02-21 12:16:28,194 INFO o.a.j.e.StandardJMeterEngine: Starting ThreadGroup: 1 : DAILY
2019-02-21 12:16:28,195 INFO o.a.j.e.StandardJMeterEngine: Starting 1 threads for group DAILY.
2019-02-21 12:16:28,195 INFO o.a.j.e.StandardJMeterEngine: Thread will continue on error
2019-02-21 12:16:28,195 INFO o.a.j.t.ThreadGroup: Starting thread group... number=1 threads=1 ramp-up=1 perThread=1000.0 delayedStart=false
2019-02-21 12:16:28,200 INFO o.a.j.t.ThreadGroup: Started thread group number 1
2019-02-21 12:16:28,201 INFO o.a.j.e.StandardJMeterEngine: All thread groups have been started
2019-02-21 12:16:28,201 INFO o.a.j.t.JMeterThread: Thread started: DAILY 1-1
2019-02-21 12:16:32,236 INFO o.a.j.t.JMeterThread: Thread is done: DAILY 1-1
2019-02-21 12:16:32,236 INFO o.a.j.t.JMeterThread: Thread finished: DAILY 1-1
2019-02-21 12:16:32,236 INFO o.a.j.e.StandardJMeterEngine: Notifying test listeners of end of test
2019-02-21 12:16:32,237 INFO o.a.j.g.u.JMeterMenuBar: setRunning(false, *local*)
2019-02-21 12:17:15,833 INFO o.a.j.e.StandardJMeterEngine: Running the test!
2019-02-21 12:17:15,833 INFO o.a.j.s.SampleEvent: List of sample_variables: []
2019-02-21 12:17:15,835 INFO o.a.j.g.u.JMeterMenuBar: setRunning(true, *local*)
2019-02-21 12:17:16,132 INFO o.a.j.e.StandardJMeterEngine: Starting ThreadGroup: 1 : DAILY
2019-02-21 12:17:16,132 INFO o.a.j.e.StandardJMeterEngine: Starting 1 threads for group DAILY.
2019-02-21 12:17:16,132 INFO o.a.j.e.StandardJMeterEngine: Thread will continue on error
2019-02-21 12:17:16,132 INFO o.a.j.t.ThreadGroup: Starting thread group... number=1 threads=1 ramp-up=1 perThread=1000.0 delayedStart=false
2019-02-21 12:17:16,138 INFO o.a.j.t.ThreadGroup: Started thread group number 1
2019-02-21 12:17:16,139 INFO o.a.j.e.StandardJMeterEngine: All thread groups have been started
2019-02-21 12:17:16,140 INFO o.a.j.t.JMeterThread: Thread started: DAILY 1-1
2019-02-21 12:17:19,080 INFO o.a.j.t.JMeterThread: Thread is done: DAILY 1-1
2019-02-21 12:17:19,080 INFO o.a.j.t.JMeterThread: Thread finished: DAILY 1-1
2019-02-21 12:17:19,081 INFO o.a.j.e.StandardJMeterEngine: Notifying test listeners of end of test
2019-02-21 12:17:19,081 INFO o.a.j.g.u.JMeterMenuBar: setRunning(false, *local*)
2019-02-21 12:18:14,645 INFO o.a.j.e.StandardJMeterEngine: Running the test!
2019-02-21 12:18:14,645 INFO o.a.j.s.SampleEvent: List of sample_variables: []
2019-02-21 12:18:14,646 INFO o.a.j.g.u.JMeterMenuBar: setRunning(true, *local*)
2019-02-21 12:18:14,940 INFO o.a.j.e.StandardJMeterEngine: Starting ThreadGroup: 1 : DAILY
2019-02-21 12:18:14,940 INFO o.a.j.e.StandardJMeterEngine: Starting 1 threads for group DAILY.
2019-02-21 12:18:14,940 INFO o.a.j.e.StandardJMeterEngine: Thread will continue on error
2019-02-21 12:18:14,940 INFO o.a.j.t.ThreadGroup: Starting thread group... number=1 threads=1 ramp-up=1 perThread=1000.0 delayedStart=false
2019-02-21 12:18:14,944 INFO o.a.j.t.ThreadGroup: Started thread group number 1
2019-02-21 12:18:14,944 INFO o.a.j.e.StandardJMeterEngine: All thread groups have been started
2019-02-21 12:18:14,944 INFO o.a.j.t.JMeterThread: Thread started: DAILY 1-1
2019-02-21 12:18:17,210 INFO o.a.j.t.JMeterThread: Thread is done: DAILY 1-1
2019-02-21 12:18:17,210 INFO o.a.j.t.JMeterThread: Thread finished: DAILY 1-1
2019-02-21 12:18:17,211 INFO o.a.j.e.StandardJMeterEngine: Notifying test listeners of end of test
2019-02-21 12:18:17,211 INFO o.a.j.g.u.JMeterMenuBar: setRunning(false, *local*)
2019-02-21 12:18:28,962 INFO o.a.j.e.StandardJMeterEngine: Running the test!
2019-02-21 12:18:28,962 INFO o.a.j.s.SampleEvent: List of sample_variables: []
2019-02-21 12:18:28,963 INFO o.a.j.g.u.JMeterMenuBar: setRunning(true, *local*)
2019-02-21 12:18:29,247 INFO o.a.j.e.StandardJMeterEngine: Starting ThreadGroup: 1 : DAILY
2019-02-21 12:18:29,247 INFO o.a.j.e.StandardJMeterEngine: Starting 1 threads for group DAILY.
2019-02-21 12:18:29,247 INFO o.a.j.e.StandardJMeterEngine: Thread will continue on error
2019-02-21 12:18:29,247 INFO o.a.j.t.ThreadGroup: Starting thread group... number=1 threads=1 ramp-up=1 perThread=1000.0 delayedStart=false
2019-02-21 12:18:29,250 INFO o.a.j.t.ThreadGroup: Started thread group number 1
2019-02-21 12:18:29,250 INFO o.a.j.e.StandardJMeterEngine: All thread groups have been started
2019-02-21 12:18:29,250 INFO o.a.j.t.JMeterThread: Thread started: DAILY 1-1
2019-02-21 12:18:32,537 INFO o.a.j.t.JMeterThread: Thread is done: DAILY 1-1
2019-02-21 12:18:32,537 INFO o.a.j.t.JMeterThread: Thread finished: DAILY 1-1
2019-02-21 12:18:32,537 INFO o.a.j.e.StandardJMeterEngine: Notifying test listeners of end of test
2019-02-21 12:18:32,537 INFO o.a.j.g.u.JMeterMenuBar: setRunning(false, *local*)
2019-02-21 12:21:03,115 INFO o.a.j.e.StandardJMeterEngine: Running the test!
2019-02-21 12:21:03,115 INFO o.a.j.s.SampleEvent: List of sample_variables: []
2019-02-21 12:21:03,116 INFO o.a.j.g.u.JMeterMenuBar: setRunning(true, *local*)
2019-02-21 12:21:03,400 INFO o.a.j.e.StandardJMeterEngine: Starting ThreadGroup: 1 : DAILY
2019-02-21 12:21:03,400 INFO o.a.j.e.StandardJMeterEngine: Starting 1 threads for group DAILY.
2019-02-21 12:21:03,400 INFO o.a.j.e.StandardJMeterEngine: Thread will continue on error
2019-02-21 12:21:03,400 INFO o.a.j.t.ThreadGroup: Starting thread group... number=1 threads=1 ramp-up=1 perThread=1000.0 delayedStart=false
2019-02-21 12:21:03,404 INFO o.a.j.t.ThreadGroup: Started thread group number 1
2019-02-21 12:21:03,404 INFO o.a.j.e.StandardJMeterEngine: All thread groups have been started
2019-02-21 12:21:03,404 INFO o.a.j.t.JMeterThread: Thread started: DAILY 1-1
2019-02-21 12:21:07,878 INFO o.a.j.t.JMeterThread: Thread is done: DAILY 1-1
2019-02-21 12:21:07,878 INFO o.a.j.t.JMeterThread: Thread finished: DAILY 1-1
2019-02-21 12:21:07,879 INFO o.a.j.e.StandardJMeterEngine: Notifying test listeners of end of test
2019-02-21 12:21:07,879 INFO o.a.j.g.u.JMeterMenuBar: setRunning(false, *local*)
2019-02-21 12:30:35,917 INFO o.a.j.e.StandardJMeterEngine: Running the test!
2019-02-21 12:30:35,918 INFO o.a.j.s.SampleEvent: List of sample_variables: []
2019-02-21 12:30:35,919 INFO o.a.j.g.u.JMeterMenuBar: setRunning(true, *local*)
2019-02-21 12:30:35,940 INFO o.a.j.e.StandardJMeterEngine: Starting ThreadGroup: 1 : DAILY
2019-02-21 12:30:35,940 INFO o.a.j.e.StandardJMeterEngine: Starting 1 threads for group DAILY.
2019-02-21 12:30:35,940 INFO o.a.j.e.StandardJMeterEngine: Thread will continue on error
2019-02-21 12:30:35,941 INFO o.a.j.t.ThreadGroup: Starting thread group... number=1 threads=1 ramp-up=1 perThread=1000.0 delayedStart=false
2019-02-21 12:30:35,945 INFO o.a.j.t.ThreadGroup: Started thread group number 1
2019-02-21 12:30:35,945 INFO o.a.j.e.StandardJMeterEngine: All thread groups have been started
2019-02-21 12:30:35,946 INFO o.a.j.t.JMeterThread: Thread started: DAILY 1-1
2019-02-21 12:30:48,920 INFO o.a.j.t.JMeterThread: Thread is done: DAILY 1-1
2019-02-21 12:30:48,920 INFO o.a.j.t.JMeterThread: Thread finished: DAILY 1-1
2019-02-21 12:30:48,920 INFO o.a.j.e.StandardJMeterEngine: Notifying test listeners of end of test
2019-02-21 12:30:48,920 INFO o.a.j.g.u.JMeterMenuBar: setRunning(false, *local*)
2019-02-21 12:31:02,453 INFO o.a.j.e.StandardJMeterEngine: Running the test!
2019-02-21 12:31:02,453 INFO o.a.j.s.SampleEvent: List of sample_variables: []
2019-02-21 12:31:02,455 INFO o.a.j.g.u.JMeterMenuBar: setRunning(true, *local*)
2019-02-21 12:31:02,871 INFO o.a.j.e.StandardJMeterEngine: Starting ThreadGroup: 1 : DAILY
2019-02-21 12:31:02,871 INFO o.a.j.e.StandardJMeterEngine: Starting 1 threads for group DAILY.
2019-02-21 12:31:02,871 INFO o.a.j.e.StandardJMeterEngine: Thread will continue on error
2019-02-21 12:31:02,871 INFO o.a.j.t.ThreadGroup: Starting thread group... number=1 threads=1 ramp-up=1 perThread=1000.0 delayedStart=false
2019-02-21 12:31:02,875 INFO o.a.j.t.ThreadGroup: Started thread group number 1
2019-02-21 12:31:02,876 INFO o.a.j.e.StandardJMeterEngine: All thread groups have been started
2019-02-21 12:31:02,876 INFO o.a.j.t.JMeterThread: Thread started: DAILY 1-1
2019-02-21 12:31:14,797 INFO o.a.j.t.JMeterThread: Thread is done: DAILY 1-1
2019-02-21 12:31:14,797 INFO o.a.j.t.JMeterThread: Thread finished: DAILY 1-1
2019-02-21 12:31:14,798 INFO o.a.j.e.StandardJMeterEngine: Notifying test listeners of end of test
2019-02-21 12:31:14,798 INFO o.a.j.g.u.JMeterMenuBar: setRunning(false, *local*)
2019-02-21 12:42:36,226 INFO o.a.j.e.StandardJMeterEngine: Running the test!
2019-02-21 12:42:36,227 INFO o.a.j.s.SampleEvent: List of sample_variables: []
2019-02-21 12:42:36,228 INFO o.a.j.g.u.JMeterMenuBar: setRunning(true, *local*)
2019-02-21 12:42:37,260 INFO o.a.j.e.StandardJMeterEngine: Starting ThreadGroup: 1 : DAILY
2019-02-21 12:42:37,260 INFO o.a.j.e.StandardJMeterEngine: Starting 1 threads for group DAILY.
2019-02-21 12:42:37,260 INFO o.a.j.e.StandardJMeterEngine: Thread will continue on error
2019-02-21 12:42:37,260 INFO o.a.j.t.ThreadGroup: Starting thread group... number=1 threads=1 ramp-up=1 perThread=1000.0 delayedStart=false
2019-02-21 12:42:37,266 INFO o.a.j.t.ThreadGroup: Started thread group number 1
2019-02-21 12:42:37,266 INFO o.a.j.e.StandardJMeterEngine: All thread groups have been started
2019-02-21 12:42:37,266 INFO o.a.j.t.JMeterThread: Thread started: DAILY 1-1
2019-02-21 12:42:44,557 INFO o.a.j.t.JMeterThread: Thread is done: DAILY 1-1
2019-02-21 12:42:44,557 INFO o.a.j.t.JMeterThread: Thread finished: DAILY 1-1
2019-02-21 12:42:44,557 INFO o.a.j.e.StandardJMeterEngine: Notifying test listeners of end of test
2019-02-21 12:42:44,558 INFO o.a.j.g.u.JMeterMenuBar: setRunning(false, *local*)
2019-02-21 12:42:56,863 INFO o.a.j.e.StandardJMeterEngine: Running the test!
2019-02-21 12:42:56,864 INFO o.a.j.s.SampleEvent: List of sample_variables: []
2019-02-21 12:42:56,866 INFO o.a.j.g.u.JMeterMenuBar: setRunning(true, *local*)
2019-02-21 12:42:57,342 INFO o.a.j.e.StandardJMeterEngine: Starting ThreadGroup: 1 : DAILY
2019-02-21 12:42:57,342 INFO o.a.j.e.StandardJMeterEngine: Starting 1 threads for group DAILY.
2019-02-21 12:42:57,342 INFO o.a.j.e.StandardJMeterEngine: Thread will continue on error
2019-02-21 12:42:57,342 INFO o.a.j.t.ThreadGroup: Starting thread group... number=1 threads=1 ramp-up=1 perThread=1000.0 delayedStart=false
2019-02-21 12:42:57,347 INFO o.a.j.t.ThreadGroup: Started thread group number 1
2019-02-21 12:42:57,347 INFO o.a.j.e.StandardJMeterEngine: All thread groups have been started
2019-02-21 12:42:57,347 INFO o.a.j.t.JMeterThread: Thread started: DAILY 1-1
2019-02-21 12:43:06,222 INFO o.a.j.t.JMeterThread: Thread is done: DAILY 1-1
2019-02-21 12:43:06,222 INFO o.a.j.t.JMeterThread: Thread finished: DAILY 1-1
2019-02-21 12:43:06,222 INFO o.a.j.e.StandardJMeterEngine: Notifying test listeners of end of test
2019-02-21 12:43:06,222 INFO o.a.j.g.u.JMeterMenuBar: setRunning(false, *local*)
2019-02-21 12:45:00,564 INFO o.a.j.e.StandardJMeterEngine: Running the test!
2019-02-21 12:45:00,565 INFO o.a.j.s.SampleEvent: List of sample_variables: []
2019-02-21 12:45:00,566 INFO o.a.j.g.u.JMeterMenuBar: setRunning(true, *local*)
2019-02-21 12:45:00,849 INFO o.a.j.e.StandardJMeterEngine: Starting ThreadGroup: 1 : DAILY
2019-02-21 12:45:00,849 INFO o.a.j.e.StandardJMeterEngine: Starting 1 threads for group DAILY.
2019-02-21 12:45:00,849 INFO o.a.j.e.StandardJMeterEngine: Thread will continue on error
2019-02-21 12:45:00,849 INFO o.a.j.t.ThreadGroup: Starting thread group... number=1 threads=1 ramp-up=1 perThread=1000.0 delayedStart=false
2019-02-21 12:45:00,854 INFO o.a.j.t.ThreadGroup: Started thread group number 1
2019-02-21 12:45:00,854 INFO o.a.j.e.StandardJMeterEngine: All thread groups have been started
2019-02-21 12:45:00,856 INFO o.a.j.t.JMeterThread: Thread started: DAILY 1-1
2019-02-21 12:45:08,191 INFO o.a.j.t.JMeterThread: Thread is done: DAILY 1-1
2019-02-21 12:45:08,191 INFO o.a.j.t.JMeterThread: Thread finished: DAILY 1-1
2019-02-21 12:45:08,192 INFO o.a.j.e.StandardJMeterEngine: Notifying test listeners of end of test
2019-02-21 12:45:08,192 INFO o.a.j.g.u.JMeterMenuBar: setRunning(false, *local*)
2019-02-21 12:50:56,942 INFO o.a.j.e.StandardJMeterEngine: Running the test!
2019-02-21 12:50:56,943 INFO o.a.j.s.SampleEvent: List of sample_variables: []
2019-02-21 12:50:56,944 INFO o.a.j.g.u.JMeterMenuBar: setRunning(true, *local*)
2019-02-21 12:50:57,217 INFO o.a.j.e.StandardJMeterEngine: Starting ThreadGroup: 1 : DAILY
2019-02-21 12:50:57,217 INFO o.a.j.e.StandardJMeterEngine: Starting 1 threads for group DAILY.
2019-02-21 12:50:57,217 INFO o.a.j.e.StandardJMeterEngine: Thread will continue on error
2019-02-21 12:50:57,217 INFO o.a.j.t.ThreadGroup: Starting thread group... number=1 threads=1 ramp-up=1 perThread=1000.0 delayedStart=false
2019-02-21 12:50:57,221 INFO o.a.j.t.ThreadGroup: Started thread group number 1
2019-02-21 12:50:57,221 INFO o.a.j.e.StandardJMeterEngine: All thread groups have been started
2019-02-21 12:50:57,221 INFO o.a.j.t.JMeterThread: Thread started: DAILY 1-1
2019-02-21 12:51:20,390 INFO o.a.j.t.JMeterThread: Thread is done: DAILY 1-1
2019-02-21 12:51:20,390 INFO o.a.j.t.JMeterThread: Thread finished: DAILY 1-1
2019-02-21 12:51:20,390 INFO o.a.j.e.StandardJMeterEngine: Notifying test listeners of end of test
2019-02-21 12:51:20,391 INFO o.a.j.g.u.JMeterMenuBar: setRunning(false, *local*)
2019-02-21 12:53:03,842 INFO o.a.j.e.StandardJMeterEngine: Running the test!
2019-02-21 12:53:03,842 INFO o.a.j.s.SampleEvent: List of sample_variables: []
2019-02-21 12:53:03,844 INFO o.a.j.g.u.JMeterMenuBar: setRunning(true, *local*)
2019-02-21 12:53:04,325 INFO o.a.j.e.StandardJMeterEngine: Starting ThreadGroup: 1 : DAILY
2019-02-21 12:53:04,326 INFO o.a.j.e.StandardJMeterEngine: Starting 1 threads for group DAILY.
2019-02-21 12:53:04,326 INFO o.a.j.e.StandardJMeterEngine: Thread will continue on error
2019-02-21 12:53:04,326 INFO o.a.j.t.ThreadGroup: Starting thread group... number=1 threads=1 ramp-up=1 perThread=1000.0 delayedStart=false
2019-02-21 12:53:04,332 INFO o.a.j.t.ThreadGroup: Started thread group number 1
2019-02-21 12:53:04,333 INFO o.a.j.e.StandardJMeterEngine: All thread groups have been started
2019-02-21 12:53:04,333 INFO o.a.j.t.JMeterThread: Thread started: DAILY 1-1
2019-02-21 12:53:23,639 INFO o.a.j.t.JMeterThread: Thread is done: DAILY 1-1
2019-02-21 12:53:23,639 INFO o.a.j.t.JMeterThread: Thread finished: DAILY 1-1
2019-02-21 12:53:23,640 INFO o.a.j.e.StandardJMeterEngine: Notifying test listeners of end of test
2019-02-21 12:53:23,640 INFO o.a.j.g.u.JMeterMenuBar: setRunning(false, *local*)
2019-02-21 13:07:03,141 INFO o.a.j.e.StandardJMeterEngine: Running the test!
2019-02-21 13:07:03,141 INFO o.a.j.s.SampleEvent: List of sample_variables: []
2019-02-21 13:07:03,143 INFO o.a.j.g.u.JMeterMenuBar: setRunning(true, *local*)
2019-02-21 13:07:03,446 INFO o.a.j.e.StandardJMeterEngine: Starting ThreadGroup: 1 : DAILY
2019-02-21 13:07:03,447 INFO o.a.j.e.StandardJMeterEngine: Starting 1 threads for group DAILY.
2019-02-21 13:07:03,447 INFO o.a.j.e.StandardJMeterEngine: Thread will continue on error
2019-02-21 13:07:03,447 INFO o.a.j.t.ThreadGroup: Starting thread group... number=1 threads=1 ramp-up=1 perThread=1000.0 delayedStart=false
2019-02-21 13:07:03,451 INFO o.a.j.t.ThreadGroup: Started thread group number 1
2019-02-21 13:07:03,451 INFO o.a.j.e.StandardJMeterEngine: All thread groups have been started
2019-02-21 13:07:03,451 INFO o.a.j.t.JMeterThread: Thread started: DAILY 1-1
2019-02-21 13:07:08,106 INFO o.a.j.t.JMeterThread: Thread is done: DAILY 1-1
2019-02-21 13:07:08,106 INFO o.a.j.t.JMeterThread: Thread finished: DAILY 1-1
2019-02-21 13:07:08,106 INFO o.a.j.e.StandardJMeterEngine: Notifying test listeners of end of test
2019-02-21 13:07:08,107 INFO o.a.j.g.u.JMeterMenuBar: setRunning(false, *local*)
2019-02-21 13:07:26,645 INFO o.a.j.e.StandardJMeterEngine: Running the test!
2019-02-21 13:07:26,645 INFO o.a.j.s.SampleEvent: List of sample_variables: []
2019-02-21 13:07:26,646 INFO o.a.j.g.u.JMeterMenuBar: setRunning(true, *local*)
2019-02-21 13:07:26,926 INFO o.a.j.e.StandardJMeterEngine: Starting ThreadGroup: 1 : DAILY
2019-02-21 13:07:26,927 INFO o.a.j.e.StandardJMeterEngine: Starting 1 threads for group DAILY.
2019-02-21 13:07:26,927 INFO o.a.j.e.StandardJMeterEngine: Thread will continue on error
2019-02-21 13:07:26,927 INFO o.a.j.t.ThreadGroup: Starting thread group... number=1 threads=1 ramp-up=1 perThread=1000.0 delayedStart=false
2019-02-21 13:07:26,932 INFO o.a.j.t.ThreadGroup: Started thread group number 1
2019-02-21 13:07:26,932 INFO o.a.j.e.StandardJMeterEngine: All thread groups have been started
2019-02-21 13:07:26,933 INFO o.a.j.t.JMeterThread: Thread started: DAILY 1-1
2019-02-21 13:07:30,890 INFO o.a.j.t.JMeterThread: Thread is done: DAILY 1-1
2019-02-21 13:07:30,890 INFO o.a.j.t.JMeterThread: Thread finished: DAILY 1-1
2019-02-21 13:07:30,891 INFO o.a.j.e.StandardJMeterEngine: Notifying test listeners of end of test
2019-02-21 13:07:30,891 INFO o.a.j.g.u.JMeterMenuBar: setRunning(false, *local*)
2019-02-21 13:08:20,416 INFO o.a.j.e.StandardJMeterEngine: Running the test!
2019-02-21 13:08:20,417 INFO o.a.j.s.SampleEvent: List of sample_variables: []
2019-02-21 13:08:20,418 INFO o.a.j.g.u.JMeterMenuBar: setRunning(true, *local*)
2019-02-21 13:08:20,700 INFO o.a.j.e.StandardJMeterEngine: Starting ThreadGroup: 1 : DAILY
2019-02-21 13:08:20,700 INFO o.a.j.e.StandardJMeterEngine: Starting 1 threads for group DAILY.
2019-02-21 13:08:20,700 INFO o.a.j.e.StandardJMeterEngine: Thread will continue on error
2019-02-21 13:08:20,700 INFO o.a.j.t.ThreadGroup: Starting thread group... number=1 threads=1 ramp-up=1 perThread=1000.0 delayedStart=false
2019-02-21 13:08:20,703 INFO o.a.j.t.ThreadGroup: Started thread group number 1
2019-02-21 13:08:20,703 INFO o.a.j.e.StandardJMeterEngine: All thread groups have been started
2019-02-21 13:08:20,704 INFO o.a.j.t.JMeterThread: Thread started: DAILY 1-1
2019-02-21 13:08:30,558 INFO o.a.j.t.JMeterThread: Thread is done: DAILY 1-1
2019-02-21 13:08:30,558 INFO o.a.j.t.JMeterThread: Thread finished: DAILY 1-1
2019-02-21 13:08:30,558 INFO o.a.j.e.StandardJMeterEngine: Notifying test listeners of end of test
2019-02-21 13:08:30,559 INFO o.a.j.g.u.JMeterMenuBar: setRunning(false, *local*)
2019-02-21 13:10:39,498 INFO o.a.j.e.StandardJMeterEngine: Running the test!
2019-02-21 13:10:39,498 INFO o.a.j.s.SampleEvent: List of sample_variables: []
2019-02-21 13:10:39,499 INFO o.a.j.g.u.JMeterMenuBar: setRunning(true, *local*)
2019-02-21 13:10:39,788 INFO o.a.j.e.StandardJMeterEngine: Starting ThreadGroup: 1 : DAILY
2019-02-21 13:10:39,788 INFO o.a.j.e.StandardJMeterEngine: Starting 1 threads for group DAILY.
2019-02-21 13:10:39,788 INFO o.a.j.e.StandardJMeterEngine: Thread will continue on error
2019-02-21 13:10:39,788 INFO o.a.j.t.ThreadGroup: Starting thread group... number=1 threads=1 ramp-up=1 perThread=1000.0 delayedStart=false
2019-02-21 13:10:39,792 INFO o.a.j.t.ThreadGroup: Started thread group number 1
2019-02-21 13:10:39,792 INFO o.a.j.e.StandardJMeterEngine: All thread groups have been started
2019-02-21 13:10:39,792 INFO o.a.j.t.JMeterThread: Thread started: DAILY 1-1
2019-02-21 13:11:02,022 INFO o.a.j.t.JMeterThread: Thread is done: DAILY 1-1
2019-02-21 13:11:02,022 INFO o.a.j.t.JMeterThread: Thread finished: DAILY 1-1
2019-02-21 13:11:02,022 INFO o.a.j.e.StandardJMeterEngine: Notifying test listeners of end of test
2019-02-21 13:11:02,023 INFO o.a.j.g.u.JMeterMenuBar: setRunning(false, *local*)
2019-02-21 13:12:19,406 INFO o.a.j.e.StandardJMeterEngine: Running the test!
2019-02-21 13:12:19,407 INFO o.a.j.s.SampleEvent: List of sample_variables: []
2019-02-21 13:12:19,408 INFO o.a.j.g.u.JMeterMenuBar: setRunning(true, *local*)
2019-02-21 13:12:19,854 INFO o.a.j.e.StandardJMeterEngine: Starting ThreadGroup: 1 : DAILY
2019-02-21 13:12:19,855 INFO o.a.j.e.StandardJMeterEngine: Starting 1 threads for group DAILY.
2019-02-21 13:12:19,855 INFO o.a.j.e.StandardJMeterEngine: Thread will continue on error
2019-02-21 13:12:19,855 INFO o.a.j.t.ThreadGroup: Starting thread group... number=1 threads=1 ramp-up=1 perThread=1000.0 delayedStart=false
2019-02-21 13:12:19,860 INFO o.a.j.t.ThreadGroup: Started thread group number 1
2019-02-21 13:12:19,861 INFO o.a.j.e.StandardJMeterEngine: All thread groups have been started
2019-02-21 13:12:19,861 INFO o.a.j.t.JMeterThread: Thread started: DAILY 1-1
2019-02-21 13:12:44,785 INFO o.a.j.t.JMeterThread: Thread is done: DAILY 1-1
2019-02-21 13:12:44,785 INFO o.a.j.t.JMeterThread: Thread finished: DAILY 1-1
2019-02-21 13:12:44,786 INFO o.a.j.e.StandardJMeterEngine: Notifying test listeners of end of test
2019-02-21 13:12:44,786 INFO o.a.j.g.u.JMeterMenuBar: setRunning(false, *local*)
2019-02-21 13:13:03,154 INFO o.a.j.e.StandardJMeterEngine: Running the test!
2019-02-21 13:13:03,154 INFO o.a.j.s.SampleEvent: List of sample_variables: []
2019-02-21 13:13:03,155 INFO o.a.j.g.u.JMeterMenuBar: setRunning(true, *local*)
2019-02-21 13:13:03,430 INFO o.a.j.e.StandardJMeterEngine: Starting ThreadGroup: 1 : DAILY
2019-02-21 13:13:03,430 INFO o.a.j.e.StandardJMeterEngine: Starting 1 threads for group DAILY.
2019-02-21 13:13:03,430 INFO o.a.j.e.StandardJMeterEngine: Thread will continue on error
2019-02-21 13:13:03,430 INFO o.a.j.t.ThreadGroup: Starting thread group... number=1 threads=1 ramp-up=1 perThread=1000.0 delayedStart=false
2019-02-21 13:13:03,433 INFO o.a.j.t.ThreadGroup: Started thread group number 1
2019-02-21 13:13:03,434 INFO o.a.j.e.StandardJMeterEngine: All thread groups have been started
2019-02-21 13:13:03,434 INFO o.a.j.t.JMeterThread: Thread started: DAILY 1-1
2019-02-21 13:13:08,505 INFO o.a.j.t.JMeterThread: Thread is done: DAILY 1-1
2019-02-21 13:13:08,505 INFO o.a.j.t.JMeterThread: Thread finished: DAILY 1-1
2019-02-21 13:13:08,506 INFO o.a.j.e.StandardJMeterEngine: Notifying test listeners of end of test
2019-02-21 13:13:08,506 INFO o.a.j.g.u.JMeterMenuBar: setRunning(false, *local*)
2019-02-21 13:13:30,416 INFO o.a.j.e.StandardJMeterEngine: Running the test!
2019-02-21 13:13:30,416 INFO o.a.j.s.SampleEvent: List of sample_variables: []
2019-02-21 13:13:30,418 INFO o.a.j.g.u.JMeterMenuBar: setRunning(true, *local*)
2019-02-21 13:13:30,705 INFO o.a.j.e.StandardJMeterEngine: Starting ThreadGroup: 1 : DAILY
2019-02-21 13:13:30,706 INFO o.a.j.e.StandardJMeterEngine: Starting 1 threads for group DAILY.
2019-02-21 13:13:30,706 INFO o.a.j.e.StandardJMeterEngine: Thread will continue on error
2019-02-21 13:13:30,706 INFO o.a.j.t.ThreadGroup: Starting thread group... number=1 threads=1 ramp-up=1 perThread=1000.0 delayedStart=false
2019-02-21 13:13:30,710 INFO o.a.j.t.ThreadGroup: Started thread group number 1
2019-02-21 13:13:30,711 INFO o.a.j.e.StandardJMeterEngine: All thread groups have been started
2019-02-21 13:13:30,711 INFO o.a.j.t.JMeterThread: Thread started: DAILY 1-1
2019-02-21 13:13:35,156 INFO o.a.j.t.JMeterThread: Thread is done: DAILY 1-1
2019-02-21 13:13:35,157 INFO o.a.j.t.JMeterThread: Thread finished: DAILY 1-1
2019-02-21 13:13:35,157 INFO o.a.j.e.StandardJMeterEngine: Notifying test listeners of end of test
2019-02-21 13:13:35,157 INFO o.a.j.g.u.JMeterMenuBar: setRunning(false, *local*)
2019-02-21 13:16:19,018 INFO o.a.j.e.StandardJMeterEngine: Running the test!
2019-02-21 13:16:19,018 INFO o.a.j.s.SampleEvent: List of sample_variables: []
2019-02-21 13:16:19,019 INFO o.a.j.g.u.JMeterMenuBar: setRunning(true, *local*)
2019-02-21 13:16:19,315 INFO o.a.j.e.StandardJMeterEngine: Starting ThreadGroup: 1 : DAILY
2019-02-21 13:16:19,315 INFO o.a.j.e.StandardJMeterEngine: Starting 1 threads for group DAILY.
2019-02-21 13:16:19,315 INFO o.a.j.e.StandardJMeterEngine: Thread will continue on error
2019-02-21 13:16:19,315 INFO o.a.j.t.ThreadGroup: Starting thread group... number=1 threads=1 ramp-up=1 perThread=1000.0 delayedStart=false
2019-02-21 13:16:19,320 INFO o.a.j.t.ThreadGroup: Started thread group number 1
2019-02-21 13:16:19,320 INFO o.a.j.e.StandardJMeterEngine: All thread groups have been started
2019-02-21 13:16:19,320 INFO o.a.j.t.JMeterThread: Thread started: DAILY 1-1
2019-02-21 13:16:21,672 INFO o.a.j.t.JMeterThread: Thread is done: DAILY 1-1
2019-02-21 13:16:21,672 INFO o.a.j.t.JMeterThread: Thread finished: DAILY 1-1
2019-02-21 13:16:21,673 INFO o.a.j.e.StandardJMeterEngine: Notifying test listeners of end of test
2019-02-21 13:16:21,673 INFO o.a.j.g.u.JMeterMenuBar: setRunning(false, *local*)
2019-02-21 13:17:33,228 INFO o.a.j.e.StandardJMeterEngine: Running the test!
2019-02-21 13:17:33,229 INFO o.a.j.s.SampleEvent: List of sample_variables: []
2019-02-21 13:17:33,230 INFO o.a.j.g.u.JMeterMenuBar: setRunning(true, *local*)
2019-02-21 13:17:33,244 INFO o.a.j.e.StandardJMeterEngine: Starting ThreadGroup: 1 : DAILY
2019-02-21 13:17:33,244 INFO o.a.j.e.StandardJMeterEngine: Starting 1 threads for group DAILY.
2019-02-21 13:17:33,244 INFO o.a.j.e.StandardJMeterEngine: Thread will continue on error
2019-02-21 13:17:33,244 INFO o.a.j.t.ThreadGroup: Starting thread group... number=1 threads=1 ramp-up=1 perThread=1000.0 delayedStart=false
2019-02-21 13:17:33,248 INFO o.a.j.t.ThreadGroup: Started thread group number 1
2019-02-21 13:17:33,248 INFO o.a.j.e.StandardJMeterEngine: All thread groups have been started
2019-02-21 13:17:33,248 INFO o.a.j.t.JMeterThread: Thread started: DAILY 1-1
2019-02-21 13:18:13,017 INFO o.a.j.t.JMeterThread: Thread is done: DAILY 1-1
2019-02-21 13:18:13,017 INFO o.a.j.t.JMeterThread: Thread finished: DAILY 1-1
2019-02-21 13:18:13,017 INFO o.a.j.e.StandardJMeterEngine: Notifying test listeners of end of test
2019-02-21 13:18:13,017 INFO o.a.j.g.u.JMeterMenuBar: setRunning(false, *local*)
2019-02-21 13:19:23,254 INFO o.a.j.e.StandardJMeterEngine: Running the test!
2019-02-21 13:19:23,254 INFO o.a.j.s.SampleEvent: List of sample_variables: []
2019-02-21 13:19:23,255 INFO o.a.j.g.u.JMeterMenuBar: setRunning(true, *local*)
2019-02-21 13:19:23,272 INFO o.a.j.e.StandardJMeterEngine: Starting ThreadGroup: 1 : DAILY
2019-02-21 13:19:23,272 INFO o.a.j.e.StandardJMeterEngine: Starting 1 threads for group DAILY.
2019-02-21 13:19:23,272 INFO o.a.j.e.StandardJMeterEngine: Thread will continue on error
2019-02-21 13:19:23,272 INFO o.a.j.t.ThreadGroup: Starting thread group... number=1 threads=1 ramp-up=1 perThread=1000.0 delayedStart=false
2019-02-21 13:19:23,278 INFO o.a.j.t.ThreadGroup: Started thread group number 1
2019-02-21 13:19:23,278 INFO o.a.j.e.StandardJMeterEngine: All thread groups have been started
2019-02-21 13:19:23,279 INFO o.a.j.t.JMeterThread: Thread started: DAILY 1-1
2019-02-21 13:19:53,762 INFO o.a.j.t.JMeterThread: Thread is done: DAILY 1-1
2019-02-21 13:19:53,763 INFO o.a.j.t.JMeterThread: Thread finished: DAILY 1-1
2019-02-21 13:19:53,763 INFO o.a.j.e.StandardJMeterEngine: Notifying test listeners of end of test
2019-02-21 13:19:53,763 INFO o.a.j.g.u.JMeterMenuBar: setRunning(false, *local*)
2019-02-21 13:20:14,328 INFO o.a.j.e.StandardJMeterEngine: Running the test!
2019-02-21 13:20:14,329 INFO o.a.j.s.SampleEvent: List of sample_variables: []
2019-02-21 13:20:14,329 INFO o.a.j.g.u.JMeterMenuBar: setRunning(true, *local*)
2019-02-21 13:20:14,346 INFO o.a.j.e.StandardJMeterEngine: Starting ThreadGroup: 1 : DAILY
2019-02-21 13:20:14,346 INFO o.a.j.e.StandardJMeterEngine: Starting 1 threads for group DAILY.
2019-02-21 13:20:14,346 INFO o.a.j.e.StandardJMeterEngine: Thread will continue on error
2019-02-21 13:20:14,346 INFO o.a.j.t.ThreadGroup: Starting thread group... number=1 threads=1 ramp-up=1 perThread=1000.0 delayedStart=false
2019-02-21 13:20:14,350 INFO o.a.j.t.ThreadGroup: Started thread group number 1
2019-02-21 13:20:14,350 INFO o.a.j.e.StandardJMeterEngine: All thread groups have been started
2019-02-21 13:20:14,350 INFO o.a.j.t.JMeterThread: Thread started: DAILY 1-1
2019-02-21 13:21:05,293 INFO o.a.j.t.JMeterThread: Thread is done: DAILY 1-1
2019-02-21 13:21:05,293 INFO o.a.j.t.JMeterThread: Thread finished: DAILY 1-1
2019-02-21 13:21:05,294 INFO o.a.j.e.StandardJMeterEngine: Notifying test listeners of end of test
2019-02-21 13:21:05,294 INFO o.a.j.g.u.JMeterMenuBar: setRunning(false, *local*)
2019-02-21 13:25:13,653 INFO o.a.j.e.StandardJMeterEngine: Running the test!
2019-02-21 13:25:13,653 INFO o.a.j.s.SampleEvent: List of sample_variables: []
2019-02-21 13:25:13,654 INFO o.a.j.g.u.JMeterMenuBar: setRunning(true, *local*)
2019-02-21 13:25:13,669 INFO o.a.j.e.StandardJMeterEngine: Starting ThreadGroup: 1 : DAILY
2019-02-21 13:25:13,669 INFO o.a.j.e.StandardJMeterEngine: Starting 1 threads for group DAILY.
2019-02-21 13:25:13,669 INFO o.a.j.e.StandardJMeterEngine: Thread will continue on error
2019-02-21 13:25:13,669 INFO o.a.j.t.ThreadGroup: Starting thread group... number=1 threads=1 ramp-up=1 perThread=1000.0 delayedStart=false
2019-02-21 13:25:13,672 INFO o.a.j.t.ThreadGroup: Started thread group number 1
2019-02-21 13:25:13,673 INFO o.a.j.e.StandardJMeterEngine: All thread groups have been started
2019-02-21 13:25:13,673 INFO o.a.j.t.JMeterThread: Thread started: DAILY 1-1
2019-02-21 13:26:09,152 INFO o.a.j.t.JMeterThread: Thread is done: DAILY 1-1
2019-02-21 13:26:09,152 INFO o.a.j.t.JMeterThread: Thread finished: DAILY 1-1
2019-02-21 13:26:09,152 INFO o.a.j.e.StandardJMeterEngine: Notifying test listeners of end of test
2019-02-21 13:26:09,153 INFO o.a.j.g.u.JMeterMenuBar: setRunning(false, *local*)
2019-02-21 13:34:47,576 INFO o.a.j.e.StandardJMeterEngine: Running the test!
2019-02-21 13:34:47,577 INFO o.a.j.s.SampleEvent: List of sample_variables: []
2019-02-21 13:34:47,578 INFO o.a.j.g.u.JMeterMenuBar: setRunning(true, *local*)
2019-02-21 13:34:48,391 INFO o.a.j.e.StandardJMeterEngine: Starting ThreadGroup: 1 : DAILY
2019-02-21 13:34:48,391 INFO o.a.j.e.StandardJMeterEngine: Starting 1 threads for group DAILY.
2019-02-21 13:34:48,391 INFO o.a.j.e.StandardJMeterEngine: Thread will continue on error
2019-02-21 13:34:48,391 INFO o.a.j.t.ThreadGroup: Starting thread group... number=1 threads=1 ramp-up=1 perThread=1000.0 delayedStart=false
2019-02-21 13:34:48,395 INFO o.a.j.t.ThreadGroup: Started thread group number 1
2019-02-21 13:34:48,395 INFO o.a.j.e.StandardJMeterEngine: All thread groups have been started
2019-02-21 13:34:48,395 INFO o.a.j.t.JMeterThread: Thread started: DAILY 1-1
2019-02-21 13:35:45,705 INFO o.a.j.t.JMeterThread: Thread is done: DAILY 1-1
2019-02-21 13:35:45,705 INFO o.a.j.t.JMeterThread: Thread finished: DAILY 1-1
2019-02-21 13:35:45,705 INFO o.a.j.e.StandardJMeterEngine: Notifying test listeners of end of test
2019-02-21 13:35:45,706 INFO o.a.j.g.u.JMeterMenuBar: setRunning(false, *local*)
2019-02-21 13:36:32,706 INFO o.a.j.e.StandardJMeterEngine: Running the test!
2019-02-21 13:36:32,706 INFO o.a.j.s.SampleEvent: List of sample_variables: []
2019-02-21 13:36:32,707 INFO o.a.j.g.u.JMeterMenuBar: setRunning(true, *local*)
2019-02-21 13:36:32,722 INFO o.a.j.e.StandardJMeterEngine: Starting ThreadGroup: 1 : DAILY
2019-02-21 13:36:32,722 INFO o.a.j.e.StandardJMeterEngine: Starting 1 threads for group DAILY.
2019-02-21 13:36:32,722 INFO o.a.j.e.StandardJMeterEngine: Thread will continue on error
2019-02-21 13:36:32,722 INFO o.a.j.t.ThreadGroup: Starting thread group... number=1 threads=1 ramp-up=1 perThread=1000.0 delayedStart=false
2019-02-21 13:36:32,725 INFO o.a.j.t.ThreadGroup: Started thread group number 1
2019-02-21 13:36:32,726 INFO o.a.j.e.StandardJMeterEngine: All thread groups have been started
2019-02-21 13:36:32,726 INFO o.a.j.t.JMeterThread: Thread started: DAILY 1-1
2019-02-21 13:37:28,901 INFO o.a.j.t.JMeterThread: Thread is done: DAILY 1-1
2019-02-21 13:37:28,901 INFO o.a.j.t.JMeterThread: Thread finished: DAILY 1-1
2019-02-21 13:37:28,903 INFO o.a.j.e.StandardJMeterEngine: Notifying test listeners of end of test
2019-02-21 13:37:28,903 INFO o.a.j.g.u.JMeterMenuBar: setRunning(false, *local*)
